<?xml version="1.0" encoding="UTF-8"?>
<!-- Generated by org.testng.reporters.JUnitXMLReporter -->
<testsuite ignored="0" hostname="Kavya_Canada" failures="1" tests="2" name="Cart Test" time="33.816" errors="0" timestamp="2026-08-29T17:18:28 EDT">
  <testcase classname="io.learn.AppTest.LoginTest" name="testLoginSuccess" time="0.088"/>
  <testcase classname="io.learn.AppTest.LoginTest" name="testLoginFailure" time="20.952">
    <failure type="java.lang.AssertionError" message="Error message not found. expected [true] but found [false]">
      <![CDATA[java.lang.AssertionError: Error message not found. expected [true] but found [false]
at io.learn.AppTest.LoginTest.testLoginFailure(LoginTest.java:67)
at java.base/java.util.ArrayList.forEach(ArrayList.java:1596)
... Removed 28 stack frames]]>
    </failure>
  </testcase> <!-- testLoginFailure -->
</testsuite> <!-- Cart Test -->
