<?xml version="1.0" encoding="UTF-8"?>
<!-- Generated by org.testng.reporters.JUnitXMLReporter -->
<testsuite ignored="0" hostname="Kavya_Canada" failures="0" tests="5" name="Login Test" time="3.779" errors="0" timestamp="2026-09-20T13:16:49 EDT">
  <testcase classname="io.learn.AppTest.API.APITest" name="testPostMethod" time="2.196"/>
  <testcase classname="io.learn.AppTest.API.APITest" name="testPutMethod" time="0.526"/>
  <testcase classname="io.learn.AppTest.API.APITest" name="testGETRequest" time="0.28"/>
  <testcase classname="io.learn.AppTest.API.APITest" name="testDeleteRequest" time="0.312"/>
  <testcase classname="io.learn.AppTest.API.APITest" name="testGETReq" time="0.288"/>
</testsuite> <!-- Login Test -->
