<?xml version="1.0" encoding="UTF-8"?>
<!-- Generated by org.testng.reporters.JUnitXMLReporter -->
<testsuite ignored="0" hostname="Kavya_Canada" failures="0" tests="6" name="Regression suite - All Tests" time="19.243" errors="0" timestamp="2026-08-29T17:35:34 EDT">
  <testcase classname="io.learn.AppTest.DataProviderExample" name="testLoginThroghDifferentUser" time="1.045"/>
  <testcase classname="io.learn.AppTest.DataProviderExample" name="testLoginThroghDifferentUser" time="0.308"/>
  <testcase classname="io.learn.AppTest.DataProviderExample" name="testLoginThroghDifferentUser" time="0.996"/>
  <testcase classname="io.learn.AppTest.DataProviderExample" name="testLoginThroghDifferentUser" time="6.009"/>
  <testcase classname="io.learn.AppTest.DataProviderExample" name="testLoginThroghDifferentUser" time="0.99"/>
  <testcase classname="io.learn.AppTest.DataProviderExample" name="testLoginThroghDifferentUser" time="1.002"/>
</testsuite> <!-- Regression suite - All Tests -->
