<?xml version="1.0" encoding="UTF-8"?>
<!-- Generated by org.testng.reporters.JUnitXMLReporter -->
<testsuite ignored="0" hostname="Kavya_Canada" failures="0" tests="7" name="Regression suite - parallel Tests" time="16.976" errors="0" timestamp="2026-09-20T23:33:55 EDT">
  <testcase classname="io.learn.AppTest.LoginTest" name="testLoginSuccess" time="0.139"/>
  <testcase classname="io.learn.AppTest.ProductTest" name="testProductDetails" time="0.182"/>
  <testcase classname="io.learn.AppTest.ProductTest" name="testAddToCart" time="0.279"/>
  <testcase classname="io.learn.AppTest.CartTest" name="addingProductToCart" time="0.305"/>
  <testcase classname="io.learn.AppTest.CartTest" name="removeProductFromCart" time="0.185"/>
  <testcase classname="io.learn.AppTest.Logout" name="testLogout" time="1.021"/>
  <testcase classname="io.learn.AppTest.LoginTest" name="testLoginFailure" time="1.458"/>
</testsuite> <!-- Regression suite - parallel Tests -->
