<?xml version="1.0" encoding="UTF-8"?>
<!-- Generated by org.testng.reporters.JUnitXMLReporter -->
<testsuite ignored="1" hostname="Kavya_Canada" failures="0" tests="2" name="Smoke suite - All Tests" time="28.468" errors="0" timestamp="2026-08-29T15:14:25 EDT">
  <testcase classname="io.learn.AppTest.LoginTest" name="testLoginSuccess" time="0.09"/>
  <testcase classname="io.learn.AppTest.Logout" name="testLogout" time="0.696"/>
  <testcase classname="io.learn.AppTest.LoginTest" name="testLoginFailure" time="0.0">
    <ignored/>
  </testcase> <!-- testLoginFailure -->
</testsuite> <!-- Smoke suite - All Tests -->
