<?xml version="1.0" encoding="UTF-8"?>
<testng-results ignored="0" total="7" passed="7" failed="0" skipped="0">
  <reporter-output>
  </reporter-output>
  <suite started-at="2026-09-20T23:33:38 EDT" name="All Test Suite" finished-at="2026-09-20T23:33:55 EDT" duration-ms="16976">
    <groups>
      <group name="smoke">
        <method signature="Logout.testLogout()[pri:0, instance:io.learn.AppTest.Logout@618c5d94]" name="testLogout" class="io.learn.AppTest.Logout"/>
        <method signature="LoginTest.testLoginSuccess()[pri:1, instance:io.learn.AppTest.LoginTest@12bfd80d]" name="testLoginSuccess" class="io.learn.AppTest.LoginTest"/>
      </group> <!-- smoke -->
    </groups>
    <test started-at="2026-09-20T23:33:38 EDT" name="Regression suite - parallel Tests" finished-at="2026-09-20T23:33:55 EDT" duration-ms="16976">
      <class name="io.learn.AppTest.LoginTest">
        <test-method is-config="true" signature="setUp(org.testng.ITestContext,java.lang.String)[pri:0, instance:io.learn.AppTest.LoginTest@12bfd80d]" started-at="2026-09-20T23:33:38 EDT" name="setUp" finished-at="2026-09-20T23:33:53 EDT" duration-ms="14772" status="PASS">
          <params>
            <param index="0">
              <value>
                <![CDATA[org.testng.TestRunner@9f6e406]]>
              </value>
            </param>
            <param index="1">
              <value>
                <![CDATA[edge]]>
              </value>
            </param>
          </params>
          <reporter-output>
          </reporter-output>
        </test-method> <!-- setUp -->
        <test-method signature="testLoginSuccess()[pri:1, instance:io.learn.AppTest.LoginTest@12bfd80d]" started-at="2026-09-20T23:33:53 EDT" name="testLoginSuccess" finished-at="2026-09-20T23:33:53 EDT" duration-ms="139" status="PASS">
          <reporter-output>
          </reporter-output>
        </test-method> <!-- testLoginSuccess -->
        <test-method signature="testLoginFailure()[pri:2, instance:io.learn.AppTest.LoginTest@12bfd80d]" started-at="2026-09-20T23:33:53 EDT" name="testLoginFailure" finished-at="2026-09-20T23:33:54 EDT" duration-ms="1458" status="PASS">
          <reporter-output>
          </reporter-output>
        </test-method> <!-- testLoginFailure -->
        <test-method is-config="true" signature="tearDown()[pri:0, instance:io.learn.AppTest.LoginTest@12bfd80d]" started-at="2026-09-20T23:33:54 EDT" name="tearDown" finished-at="2026-09-20T23:33:55 EDT" duration-ms="558" status="PASS">
          <reporter-output>
          </reporter-output>
        </test-method> <!-- tearDown -->
      </class> <!-- io.learn.AppTest.LoginTest -->
      <class name="io.learn.AppTest.ProductTest">
        <test-method is-config="true" signature="setUp(org.testng.ITestContext,java.lang.String)[pri:0, instance:io.learn.AppTest.ProductTest@5b40ceb]" started-at="2026-09-20T23:33:38 EDT" name="setUp" finished-at="2026-09-20T23:33:53 EDT" duration-ms="14770" status="PASS">
          <params>
            <param index="0">
              <value>
                <![CDATA[org.testng.TestRunner@9f6e406]]>
              </value>
            </param>
            <param index="1">
              <value>
                <![CDATA[edge]]>
              </value>
            </param>
          </params>
          <reporter-output>
          </reporter-output>
        </test-method> <!-- setUp -->
        <test-method signature="testProductDetails()[pri:1, instance:io.learn.AppTest.ProductTest@5b40ceb]" started-at="2026-09-20T23:33:53 EDT" name="testProductDetails" finished-at="2026-09-20T23:33:53 EDT" duration-ms="182" status="PASS">
          <reporter-output>
          </reporter-output>
        </test-method> <!-- testProductDetails -->
        <test-method signature="testAddToCart()[pri:2, instance:io.learn.AppTest.ProductTest@5b40ceb]" started-at="2026-09-20T23:33:53 EDT" name="testAddToCart" finished-at="2026-09-20T23:33:53 EDT" duration-ms="279" status="PASS">
          <reporter-output>
          </reporter-output>
        </test-method> <!-- testAddToCart -->
        <test-method is-config="true" signature="tearDown()[pri:0, instance:io.learn.AppTest.ProductTest@5b40ceb]" started-at="2026-09-20T23:33:53 EDT" name="tearDown" finished-at="2026-09-20T23:33:54 EDT" duration-ms="1236" status="PASS">
          <reporter-output>
          </reporter-output>
        </test-method> <!-- tearDown -->
      </class> <!-- io.learn.AppTest.ProductTest -->
      <class name="io.learn.AppTest.Logout">
        <test-method is-config="true" signature="setUp(org.testng.ITestContext,java.lang.String)[pri:0, instance:io.learn.AppTest.Logout@618c5d94]" started-at="2026-09-20T23:33:38 EDT" name="setUp" finished-at="2026-09-20T23:33:53 EDT" duration-ms="14708" status="PASS">
          <params>
            <param index="0">
              <value>
                <![CDATA[org.testng.TestRunner@9f6e406]]>
              </value>
            </param>
            <param index="1">
              <value>
                <![CDATA[edge]]>
              </value>
            </param>
          </params>
          <reporter-output>
          </reporter-output>
        </test-method> <!-- setUp -->
        <test-method signature="testLogout()[pri:0, instance:io.learn.AppTest.Logout@618c5d94]" started-at="2026-09-20T23:33:53 EDT" name="testLogout" finished-at="2026-09-20T23:33:54 EDT" duration-ms="1021" status="PASS">
          <reporter-output>
          </reporter-output>
        </test-method> <!-- testLogout -->
        <test-method is-config="true" signature="tearDown()[pri:0, instance:io.learn.AppTest.Logout@618c5d94]" started-at="2026-09-20T23:33:54 EDT" name="tearDown" finished-at="2026-09-20T23:33:55 EDT" duration-ms="992" status="PASS">
          <reporter-output>
          </reporter-output>
        </test-method> <!-- tearDown -->
      </class> <!-- io.learn.AppTest.Logout -->
      <class name="io.learn.AppTest.CartTest">
        <test-method is-config="true" signature="setUp(org.testng.ITestContext,java.lang.String)[pri:0, instance:io.learn.AppTest.CartTest@13c3c1e1]" started-at="2026-09-20T23:33:38 EDT" name="setUp" finished-at="2026-09-20T23:33:53 EDT" duration-ms="14933" status="PASS">
          <params>
            <param index="0">
              <value>
                <![CDATA[org.testng.TestRunner@9f6e406]]>
              </value>
            </param>
            <param index="1">
              <value>
                <![CDATA[edge]]>
              </value>
            </param>
          </params>
          <reporter-output>
          </reporter-output>
        </test-method> <!-- setUp -->
        <test-method signature="addingProductToCart()[pri:1, instance:io.learn.AppTest.CartTest@13c3c1e1]" started-at="2026-09-20T23:33:53 EDT" name="addingProductToCart" finished-at="2026-09-20T23:33:53 EDT" duration-ms="305" status="PASS">
          <reporter-output>
          </reporter-output>
        </test-method> <!-- addingProductToCart -->
        <test-method signature="removeProductFromCart()[pri:2, instance:io.learn.AppTest.CartTest@13c3c1e1]" started-at="2026-09-20T23:33:53 EDT" name="removeProductFromCart" finished-at="2026-09-20T23:33:53 EDT" duration-ms="185" status="PASS">
          <reporter-output>
          </reporter-output>
        </test-method> <!-- removeProductFromCart -->
        <test-method is-config="true" signature="tearDown()[pri:0, instance:io.learn.AppTest.CartTest@13c3c1e1]" started-at="2026-09-20T23:33:53 EDT" name="tearDown" finished-at="2026-09-20T23:33:54 EDT" duration-ms="1136" status="PASS">
          <reporter-output>
          </reporter-output>
        </test-method> <!-- tearDown -->
      </class> <!-- io.learn.AppTest.CartTest -->
    </test> <!-- Regression suite - parallel Tests -->
  </suite> <!-- All Test Suite -->
</testng-results>
