<?xml version="1.0" encoding="UTF-8"?>
<!-- Generated by org.testng.reporters.JUnitReportReporter -->
<testsuite hostname="Kavya_Canada" failures="0" tests="2" name="io.learn.AppTest.CartTest" time="0.490" errors="0" timestamp="2026-09-20T23:33:55 EDT" skipped="0">
  <testcase classname="io.learn.AppTest.CartTest" name="addingProductToCart" time="0.305"/>
  <testcase classname="io.learn.AppTest.CartTest" name="removeProductFromCart" time="0.185"/>
</testsuite> <!-- io.learn.AppTest.CartTest -->
