<?xml version="1.0" encoding="UTF-8"?>
<!-- Generated by org.testng.reporters.JUnitReportReporter -->
<testsuite hostname="Kavya_Canada" failures="0" tests="6" name="io.learn.AppTest.DataProviderExample" time="19.197" errors="0" timestamp="2026-08-29T17:35:34 EDT" skipped="0">
  <testcase classname="io.learn.AppTest.DataProviderExample" name="testLoginThroghDifferentUser" time="7.815"/>
  <testcase classname="io.learn.AppTest.DataProviderExample" name="testLoginThroghDifferentUser" time="1.666"/>
  <testcase classname="io.learn.AppTest.DataProviderExample" name="testLoginThroghDifferentUser" time="2.415"/>
  <testcase classname="io.learn.AppTest.DataProviderExample" name="testLoginThroghDifferentUser" time="2.394"/>
  <testcase classname="io.learn.AppTest.DataProviderExample" name="testLoginThroghDifferentUser" time="2.503"/>
  <testcase classname="io.learn.AppTest.DataProviderExample" name="testLoginThroghDifferentUser" time="2.404"/>
</testsuite> <!-- io.learn.AppTest.DataProviderExample -->
