<?xml version="1.0" encoding="UTF-8"?>
<!-- Generated by org.testng.reporters.JUnitReportReporter -->
<testsuite hostname="Kavya_Canada" failures="0" tests="2" name="io.learn.AppTest.ProductTest" time="0.461" errors="0" timestamp="2026-09-20T23:33:55 EDT" skipped="0">
  <testcase classname="io.learn.AppTest.ProductTest" name="testProductDetails" time="0.182"/>
  <testcase classname="io.learn.AppTest.ProductTest" name="testAddToCart" time="0.279"/>
</testsuite> <!-- io.learn.AppTest.ProductTest -->
