<?xml version="1.0" encoding="UTF-8"?>
<!-- Generated by org.testng.reporters.JUnitReportReporter -->
<testsuite hostname="Kavya_Canada" failures="0" tests="5" name="io.learn.AppTest.API.APITest" time="3.770" errors="0" timestamp="2026-09-20T23:31:22 EDT" skipped="0">
  <testcase classname="io.learn.AppTest.API.APITest" name="testPostMethod" time="2.669"/>
  <testcase classname="io.learn.AppTest.API.APITest" name="testPutMethod" time="0.304"/>
  <testcase classname="io.learn.AppTest.API.APITest" name="testGETRequest" time="0.307"/>
  <testcase classname="io.learn.AppTest.API.APITest" name="testDeleteRequest" time="0.236"/>
  <testcase classname="io.learn.AppTest.API.APITest" name="testGETReq" time="0.254"/>
</testsuite> <!-- io.learn.AppTest.API.APITest -->
